<?xml version="1.0" encoding="UTF-8"?>
<!-- Generated by org.testng.reporters.JUnitXMLReporter -->
<testsuite hostname="U-LP166" tests="1" failures="1" timestamp="17 Nov 2016 20:58:44 GMT" time="0.036" errors="0">
  <testcase name="test" time="0.011" classname="GmailFileUpload">
    <failure type="org.testng.TestNGException" message="
The data provider is trying to pass 2 parameters but the method GmailFileUpload#test takes 0">
      <![CDATA[org.testng.TestNGException: 
The data provider is trying to pass 2 parameters but the method GmailFileUpload#test takes 0
... Removed 18 stack frames]]>
    </failure>
  </testcase> <!-- test -->
</testsuite>
